[2026-01-01 18:04:03] ip=::1 user=1 action=login_success msg=Successful login for phoneappinfos@gmail.com
[2026-01-01 18:14:01] ip=::1 user=guest action=login_failed msg=Failed login for phonenewssite@gmail.com
[2026-01-01 18:14:20] ip=::1 user=guest action=login_failed msg=Failed login for phoneappinfos@gmail.com
[2026-01-01 18:16:58] ip=::1 user=1 action=login_success msg=Successful login for phoneappinfos@gmail.com
[2026-01-01 18:39:30] ip=::1 user=1 action=create_user msg=Created user thierryinfos@gmail.com
[2026-01-01 18:40:31] ip=::1 user=guest action=login_failed msg=Failed login for thierryinfos@gmail.com
[2026-01-01 18:41:02] ip=::1 user=guest action=login_failed msg=Failed login for danielinfos@gmail.com
[2026-01-01 18:45:12] ip=::1 user=guest action=login_failed msg=Failed login for thierryinfos@gmail.com
[2026-01-01 18:53:15] ip=::1 user=1 action=login_success msg=Successful login for phoneappinfos@gmail.com
[2026-01-01 19:05:05] ip=::1 user=guest action=login_failed msg=Failed login for thierryinfos@gmail.com
[2026-01-01 19:05:34] ip=::1 user=guest action=login_failed msg=Failed login for thierryinfos@gmail.com
[2026-01-01 19:06:05] ip=::1 user=guest action=login_failed msg=Failed login for thierryinfos@gmail.com
[2026-01-01 19:06:24] ip=::1 user=1 action=login_success msg=Successful login for phoneappinfos@gmail.com
[2026-01-01 19:47:00] ip=::1 user=1 action=task_status msg=Task 1 set to done
[2026-01-01 19:47:08] ip=::1 user=1 action=task_status msg=Task 1 set to open
[2026-01-01 20:03:59] ip=::1 user=1 action=task_delete msg=Task 1 deleted
[2026-01-01 20:19:41] ip=::1 user=1 action=login_success msg=Successful login for phoneappinfos@gmail.com
[2026-01-01 20:44:33] ip=::1 user=1 action=project_update msg=Project 3 updated
[2026-01-01 20:45:01] ip=::1 user=1 action=project_create msg=Project Cloud Computing created
[2026-01-01 20:45:14] ip=::1 user=1 action=project_delete msg=Project 1 deleted
[2026-01-01 20:46:06] ip=::1 user=1 action=login_success msg=Successful login for phoneappinfos@gmail.com
[2026-01-01 20:47:31] ip=::1 user=1 action=task_status msg=Task 3 set to done
[2026-01-02 03:51:15] ip=::1 user=1 action=login_success msg=Successful login for phoneappinfos@gmail.com
[2026-01-03 18:02:28] ip=::1 user=guest action=login_failed msg=Failed login for phoneappinfos@gmail.com
[2026-01-03 18:03:41] ip=::1 user=guest action=login_failed msg=Failed login for admin@spycray.com
[2026-01-03 18:04:35] ip=::1 user=guest action=login_failed msg=Failed login for admin@spycray.com
[2026-01-03 18:09:10] ip=::1 user=guest action=login_failed msg=Failed login for admin@spycray.com
[2026-01-03 18:12:10] ip=::1 user=guest action=login_failed msg=Failed login for admin@spycray.com
[2026-01-03 18:18:06] ip=::1 user=guest action=login_failed msg=Failed login for admin@spycray.com
[2026-01-03 18:18:19] ip=::1 user=guest action=login_failed msg=Failed login for phoneappinfos@gmail.com
[2026-01-03 18:18:52] ip=::1 user=guest action=login_failed msg=Failed login for admin@spycray.com
[2026-01-03 18:19:54] ip=::1 user=guest action=login_failed msg=Failed login for admin@spycray.com
[2026-01-03 18:25:12] ip=::1 user=guest action=login_failed msg=Failed login for admin@spycray.com
[2026-01-04 08:13:10] ip=::1 user=guest action=login_failed msg=Failed login for admin@spycray.com
[2026-01-04 08:15:30] ip=::1 user=guest action=login_failed msg=Failed login for admin@spycray.com
[2026-01-04 08:15:58] ip=::1 user=guest action=login_failed msg=Failed login for admin@spycray.com
[2026-01-04 08:20:58] ip=::1 user=guest action=login_failed msg=Failed login for admin@spycray.com
[2026-01-04 08:21:09] ip=::1 user=guest action=login_failed msg=Failed login for admin@spycray.com
[2026-01-04 08:31:17] ip=::1 user=guest action=login_failed msg=Failed login for phoneappinfos@gmail.com
[2026-01-04 08:31:40] ip=::1 user=guest action=login_failed msg=Failed login for admin@spycray.com
[2026-01-04 08:32:17] ip=::1 user=guest action=login_failed msg=Failed login for leader@spycray.com
[2026-01-04 09:07:44] ip=::1 user=guest action=login_failed msg=login_failed: no_user_found for admin@gmail.com
[2026-01-04 09:08:11] ip=::1 user=guest action=login_failed msg=login_failed: password_mismatch for admin@spycray.com
[2026-01-05 09:14:39] ip=::1 user=2 action=inquiry_update msg=Updated inquiry ID: 2
[2026-01-05 09:16:17] ip=::1 user=2 action=inquiry_update msg=Updated inquiry ID: 2
[2026-01-05 09:18:21] ip=::1 user=1 action=project_update msg=Project 2 updated
[2026-01-05 09:19:09] ip=::1 user=1 action=project_update msg=Project 2 updated
[2026-01-05 13:32:48] ip=::1 user=guest action=hash_check msg=check plain(len=8) result=MATCH
[2026-01-11 18:05:30] ip=::1 user=4 action=leave_request msg=Leave request submitted by user 4
[2026-01-12 19:41:02] ip=::1 user=1 action=task_status msg=Task 9 set to done
[2026-01-12 19:41:06] ip=::1 user=1 action=task_status msg=Task 8 set to done
[2026-01-18 13:11:38] ip=::1 user=1 action=user_update msg=Updated user admin@spycray.com (ID: 1)
[2026-01-18 13:16:24] ip=::1 user=1 action=leave_update msg=Updated leave request ID: 10
[2026-01-22 18:33:18] ip=::1 user=4 action=leave_request msg=Leave request submitted by user 4
[2026-01-22 18:44:09] ip=::1 user=1 action=task_create msg=Task created for project 1
[2026-01-22 18:50:41] ip=::1 user=1 action=task_create msg=Task JavaScript Validation created
[2026-01-22 18:50:54] ip=::1 user=1 action=task_delete msg=Task 11 deleted
[2026-01-22 18:51:18] ip=::1 user=1 action=task_update msg=Task 7 updated
[2026-01-22 18:51:46] ip=::1 user=1 action=task_update msg=Task 10 updated
[2026-01-30 09:00:18] ip=::1 user=1 action=task_create msg=Task Design Landing Page with Bootstrap created
[2026-02-01 12:08:48] ip=::1 user=1 action=leave_request msg=Leave request submitted by user 1
[2026-02-01 13:43:48] ip=::1 user=3 action=task_create msg=Task Build an E-Commerce Webite created
[2026-02-01 13:48:41] ip=::1 user=2 action=leave_update msg=Updated leave request ID: 12
[2026-02-01 16:10:30] ip=::1 user=1 action=inquiry_update msg=Updated inquiry ID: 5
[2026-02-01 16:51:28] ip=::1 user=1 action=leave_update msg=Updated leave request ID: 12
[2026-02-03 18:27:09] ip=::1 user=1 action=task_create msg=Task created by user 1
[2026-02-03 18:31:56] ip=::1 user=1 action=csrf msg=Invalid CSRF token on tasks_dashboard
[2026-02-03 18:57:15] ip=::1 user=1 action=inquiry_create msg=New inquiry created by Benevolent - Subject: API Integrations
[2026-02-03 23:12:16] ip=::1 user=1 action=inquiry_create msg=New inquiry created by Shalom - Subject: Web Programming
[2026-02-03 23:17:21] ip=::1 user=1 action=csrf msg=Invalid CSRF token on inquiry create
[2026-02-03 23:17:34] ip=::1 user=1 action=inquiry_create msg=New inquiry created by Shalom - Subject: Web Programming
[2026-02-03 23:18:25] ip=::1 user=1 action=inquiry_update msg=Updated inquiry ID: 7
[2026-02-03 23:18:52] ip=::1 user=1 action=inquiry_update msg=Updated inquiry ID: 8
[2026-02-03 23:21:57] ip=::1 user=1 action=inquiry_update msg=Updated inquiry ID: 4
[2026-02-04 05:59:39] ip=::1 user=1 action=leave_update msg=Updated leave request ID: 10
[2026-02-04 06:08:18] ip=::1 user=1 action=leave_request msg=Leave request submitted by user 1
[2026-02-04 06:12:46] ip=::1 user=1 action=task_update msg=Task 10 updated
[2026-02-04 06:13:20] ip=::1 user=1 action=task_update msg=Task 10 updated
[2026-02-04 10:00:00] ip=::1 user=1 action=create_user msg=Created user benevolenteager@gmail.com
[2026-02-04 11:16:43] ip=::1 user=1 action=leave_update msg=Updated leave request ID: 11
[2026-02-04 11:19:22] ip=::1 user=1 action=leave_update msg=Updated leave request ID: 11
[2026-02-04 11:26:55] ip=::1 user=1 action=leave_update msg=Updated leave request ID: 11
[2026-02-05 10:52:27] ip=::1 user=1 action=project_create msg=Project Cloud Computing created
[2026-02-05 10:56:11] ip=::1 user=1 action=project_update msg=Project 4 updated
[2026-02-05 14:28:09] ip=::1 user=5 action=password_change msg=Password changed for user 5
[2026-02-05 14:46:52] ip=::1 user=5 action=password_reset_request msg=Password reset requested for benevolenteager@gmail.com
[2026-02-05 14:54:34] ip=::1 user=5 action=profile_photo msg=Profile photo updated for user 5
[2026-02-05 15:06:16] ip=::1 user=1 action=profile_photo msg=Profile photo updated for user 1
[2026-02-06 08:51:43] ip=::1 user=4 action=profile_photo msg=Profile photo updated for user 4
[2026-02-06 08:52:54] ip=::1 user=4 action=profile_update msg=Profile updated for user 4
[2026-02-06 09:08:08] ip=::1 user=4 action=profile_update msg=Profile updated for user 4
[2026-02-06 09:24:33] ip=::1 user=1 action=inquiry_update msg=Updated inquiry ID: 6
[2026-02-06 09:30:31] ip=::1 user=1 action=inquiry_update msg=Updated inquiry ID: 6
[2026-02-06 09:30:53] ip=::1 user=1 action=inquiry_update msg=Updated inquiry ID: 6
[2026-02-06 09:31:20] ip=::1 user=1 action=inquiry_update msg=Updated inquiry ID: 6
[2026-02-06 09:32:13] ip=::1 user=1 action=inquiry_update msg=Updated inquiry ID: 6
[2026-02-06 09:56:15] ip=::1 user=3 action=leave_update msg=Updated leave request ID: 11
[2026-02-06 09:56:24] ip=::1 user=3 action=leave_update msg=Updated leave request ID: 11
[2026-02-06 10:02:10] ip=::1 user=3 action=profile_photo msg=Profile photo updated for user 3
[2026-02-06 10:02:20] ip=::1 user=3 action=profile_photo_remove msg=Profile photo removed for user 3
[2026-02-06 10:03:14] ip=::1 user=3 action=profile_photo msg=Profile photo updated for user 3
[2026-02-06 10:04:23] ip=::1 user=2 action=leave_update msg=Updated leave request ID: 10
[2026-02-06 10:10:27] ip=::1 user=2 action=inquiry_update msg=Updated inquiry ID: 8
[2026-02-06 10:11:51] ip=::1 user=2 action=inquiry_update msg=Updated inquiry ID: 8
[2026-02-06 10:12:12] ip=::1 user=2 action=inquiry_update msg=Updated inquiry ID: 3
[2026-02-07 19:51:54] ip=::1 user=1 action=task_status msg=Task 10 set to done
[2026-02-07 19:51:58] ip=::1 user=1 action=task_status msg=Task 10 set to todo
[2026-02-07 19:52:00] ip=::1 user=1 action=task_status msg=Task 10 set to done
[2026-02-07 19:52:02] ip=::1 user=1 action=task_status msg=Task 10 set to todo
[2026-02-07 19:52:03] ip=::1 user=1 action=task_status msg=Task 10 set to done
[2026-02-07 19:56:53] ip=::1 user=2 action=profile_photo msg=Profile photo updated for user 2
[2026-02-08 14:27:15] ip=::1 user=1 action=bulk_upload msg=Bulk upload projects: inserted 120 / processed 120
[2026-02-08 14:32:41] ip=::1 user=3 action=bulk_upload msg=Bulk upload users: inserted 120 / processed 120
[2026-02-08 14:35:28] ip=::1 user=1 action=bulk_upload msg=Bulk upload employees: inserted 120 / processed 120
[2026-02-08 14:35:45] ip=::1 user=1 action=bulk_upload msg=Bulk upload leave_requests: inserted 120 / processed 120
[2026-02-08 14:36:05] ip=::1 user=1 action=bulk_upload msg=Bulk upload payroll_inputs: inserted 120 / processed 120
[2026-02-08 14:50:04] ip=::1 user=2 action=bulk_upload msg=Bulk upload tasks: inserted 39 / processed 40
[2026-02-08 14:52:08] ip=::1 user=1 action=task_status msg=Task 19 set to done
[2026-02-08 14:52:11] ip=::1 user=1 action=task_status msg=Task 11 set to done
[2026-02-08 14:52:24] ip=::1 user=1 action=task_status msg=Task 47 set to done
[2026-02-08 14:52:27] ip=::1 user=1 action=task_status msg=Task 13 set to done
[2026-02-08 14:52:30] ip=::1 user=1 action=task_status msg=Task 17 set to done
[2026-02-08 14:52:36] ip=::1 user=1 action=task_status msg=Task 37 set to done
[2026-02-08 14:52:52] ip=::1 user=1 action=task_update msg=Task 29 updated
[2026-02-08 14:52:55] ip=::1 user=1 action=task_status msg=Task 20 set to done
[2026-02-08 14:53:08] ip=::1 user=1 action=task_update msg=Task 16 updated
[2026-02-08 14:53:17] ip=::1 user=1 action=task_status msg=Task 28 set to done
[2026-02-08 15:52:58] ip=::1 user=3 action=project_update msg=Project 124 updated
[2026-02-08 15:53:08] ip=::1 user=3 action=project_update msg=Project 124 updated
[2026-02-08 15:56:09] ip=::1 user=3 action=project_update msg=Project 123 updated
[2026-02-08 15:56:28] ip=::1 user=3 action=project_update msg=Project 122 updated
[2026-02-08 15:56:37] ip=::1 user=3 action=project_update msg=Project 119 updated
[2026-02-08 15:56:51] ip=::1 user=3 action=project_update msg=Project 102 updated
[2026-02-08 17:01:12] ip=::1 user=3 action=project_update msg=Project 123 updated
[2026-02-08 17:07:32] ip=::1 user=2 action=leave_update msg=Updated leave request ID: 102
[2026-02-08 17:07:46] ip=::1 user=2 action=leave_update msg=Updated leave request ID: 107
[2026-02-09 06:50:16] ip=::1 user=1 action=task_status msg=Task 23 set to todo
[2026-02-09 06:56:06] ip=::1 user=1 action=leave_update msg=Updated leave request ID: 84
[2026-02-09 06:56:28] ip=::1 user=1 action=leave_update msg=Updated leave request ID: 106
[2026-02-09 06:59:48] ip=::1 user=1 action=inquiry_update msg=Updated inquiry ID: 8
[2026-02-09 07:03:44] ip=::1 user=1 action=user_update msg=Updated user user1001@company.com (ID: 6)
[2026-02-09 07:03:54] ip=::1 user=1 action=user_update msg=Updated user user1002@company.com (ID: 7)
[2026-02-09 07:27:04] ip=::1 user=3 action=leader_approve msg=Leader 3 approved leave 107
[2026-02-09 07:27:25] ip=::1 user=3 action=leave_update msg=Updated leave request ID: 105
[2026-02-09 07:27:58] ip=::1 user=3 action=project_delete msg=Project 81 deleted
[2026-02-09 09:46:33] ip=::1 user=1 action=task_status msg=Task 19 set to in_progress
[2026-02-12 14:53:43] ip=::1 user=44 action=task_status msg=Task 49 set to in_progress
[2026-02-12 15:00:50] ip=::1 user=1 action=task_delete msg=Task 11 deleted
[2026-02-12 15:00:54] ip=::1 user=1 action=task_delete msg=Task 12 deleted
[2026-02-12 15:01:00] ip=::1 user=1 action=task_delete msg=Task 22 deleted
[2026-02-12 15:01:10] ip=::1 user=1 action=task_delete msg=Task 9 deleted
[2026-02-16 09:34:19] ip=::1 user=5 action=password_reset_request msg=Password reset requested for benevolenteager@gmail.com
[2026-02-17 13:06:03] ip=::1 user=1 action=task_status msg=Task 13 set to in_progress
[2026-02-17 13:06:19] ip=::1 user=1 action=task_status msg=Task 13 set to done
[2026-02-17 15:12:25] ip=::1 user=3 action=payroll_submit msg=Payroll input added for emp 5
[2026-02-17 15:13:06] ip=::1 user=3 action=leader_approve msg=Leader 3 approved leave 30
[2026-02-17 15:13:24] ip=::1 user=3 action=leader_approve msg=Leader 3 approved leave 7
[2026-02-18 20:06:32] ip=::1 user=2 action=inquiry_update msg=Updated inquiry ID: 9
[2026-02-25 09:50:44] ip=::1 user=4 action=task_status msg=Task 44 set to done
[2026-02-25 09:51:14] ip=::1 user=4 action=task_status msg=Task 49 set to done
[2026-02-27 13:14:26] ip=::1 user=1 action=leader_approve msg=Leader 1 approved leave 10
[2026-02-27 13:15:39] ip=::1 user=1 action=leave_update msg=Updated leave request ID: 104
[2026-03-02 10:25:03] ip=::1 user=1 action=task_update msg=Task 13 updated
[2026-03-02 17:51:37] ip=::1 user=1 action=task_status msg=Task 14 set to done
[2026-03-02 17:51:43] ip=::1 user=1 action=task_status msg=Task 14 set to todo
[2026-03-02 17:53:48] ip=::1 user=1 action=inquiry_update msg=Updated inquiry ID: 9
[2026-03-02 17:56:22] ip=::1 user=1 action=profile_photo_remove msg=Profile photo removed for user 1
[2026-03-19 13:40:54] ip=::1 user=1 action=task_status msg=Task 19 set to done
[2026-03-19 13:41:32] ip=::1 user=1 action=task_status msg=Task 26 set to todo
[2026-03-19 13:42:10] ip=::1 user=1 action=task_status msg=Task 43 set to in_progress
[2026-03-19 13:42:19] ip=::1 user=1 action=task_status msg=Task 26 set to in_progress
[2026-03-19 20:27:01] ip=::1 user=5 action=task_status msg=Task 35 set to done
[2026-03-20 05:00:22] ip=::1 user=5 action=task_status msg=Task 46 set to in_progress
[2026-03-23 16:04:00] ip=::1 user=5 action=profile_photo_remove msg=Profile photo removed for user 5
[2026-03-23 16:04:46] ip=::1 user=5 action=profile_photo msg=Profile photo updated for user 5
[2026-03-23 16:05:18] ip=::1 user=5 action=profile_update msg=Profile updated for user 5
[2026-03-23 16:09:17] ip=::1 user=5 action=password_change msg=Password changed for user 5
[2026-03-23 16:10:14] ip=::1 user=5 action=password_change msg=Password changed for user 5
[2026-03-23 16:16:38] ip=::1 user=5 action=profile_update msg=Profile updated for user 5
[2026-03-23 16:17:05] ip=::1 user=5 action=csrf_fail msg=CSRF token mismatch on settings
[2026-03-23 16:29:15] ip=::1 user=1 action=profile_photo msg=Profile photo updated for user 1
[2026-03-24 18:16:33] ip=::1 user=4 action=inquiry_update msg=Updated inquiry ID: 10
[2026-03-25 10:26:00] ip=::1 user=2 action=password_reset_request msg=Password reset requested for benevolenteager@gmail.com
[2026-03-25 10:33:48] ip=::1 user=5 action=password_change msg=Password changed for user 5
[2026-03-25 10:40:29] ip=::1 user=5 action=password_change msg=Password changed for user 5
[2026-03-25 10:56:08] ip=::1 user=2 action=password_reset_request msg=Password reset requested for benevolenteager@gmail.com
[2026-03-25 14:26:09] ip=::1 user=5 action=task_status msg=Task 25 set to in_progress
[2026-03-25 15:09:45] ip=::1 user=3 action=project_update msg=Project 9 updated
[2026-03-25 17:28:14] ip=::1 user=3 action=task_create msg=Task created for project 9
[2026-03-25 17:29:34] ip=::1 user=8 action=leave_request msg=Leave request submitted by user 8
[2026-03-26 14:20:34] ip=::1 user=1 action=task_status msg=Task 50 set to done
[2026-03-27 13:17:29] ip=::1 user=2 action=password_reset_mail_failed msg=Password reset email failed for benevolenteager@gmail.com: SMTP Error: Could not authenticate.
[2026-03-27 13:17:29] ip=::1 user=2 action=password_reset_request msg=Password reset requested for benevolenteager@gmail.com
[2026-03-28 16:55:20] ip=::1 user=2 action=create_user msg=Created user phoneappinfos@gmail.com
[2026-03-28 17:09:57] ip=::1 user=127 action=password_reset_mail_failed msg=Password reset email failed for phoneappinfos@gmail.com: SMTP Error: Could not authenticate.
[2026-03-28 17:09:57] ip=::1 user=127 action=password_reset_request msg=Password reset requested for phoneappinfos@gmail.com
[2026-03-28 17:50:14] ip=::1 user=127 action=password_reset_mail_failed msg=Password reset email failed for phoneappinfos@gmail.com: SMTP Error: Could not authenticate.
[2026-03-28 17:50:14] ip=::1 user=127 action=password_reset_request msg=Password reset requested for phoneappinfos@gmail.com
[2026-03-28 17:50:32] ip=::1 user=127 action=password_reset_mail_failed msg=Password reset email failed for phoneappinfos@gmail.com: SMTP Error: Could not authenticate.
[2026-03-28 17:50:32] ip=::1 user=127 action=password_reset_request msg=Password reset requested for phoneappinfos@gmail.com
[2026-03-28 18:11:51] ip=::1 user=127 action=password_reset_mail_failed msg=Password reset email failed for phoneappinfos@gmail.com: SMTP Error: Could not authenticate.
[2026-03-28 18:11:51] ip=::1 user=127 action=password_reset_request msg=Password reset requested for phoneappinfos@gmail.com
[2026-03-29 08:47:00] ip=::1 user=2 action=homepage_update msg=Homepage content updated
[2026-03-29 08:47:31] ip=::1 user=2 action=homepage_update msg=Homepage content updated
[2026-03-30 07:43:32] ip=::1 user=8 action=password_reset_mail_failed msg=Password reset email failed for nchaudhary187@rku.ac.in: SMTP Error: Could not authenticate.
[2026-03-30 07:43:32] ip=::1 user=8 action=password_reset_request msg=Password reset requested for nchaudhary187@rku.ac.in
[2026-03-30 07:48:30] ip=::1 user=8 action=password_reset_mail_failed msg=Password reset email failed for nchaudhary187@rku.ac.in: SMTP Error: Could not authenticate.
[2026-03-30 07:48:30] ip=::1 user=8 action=password_reset_request msg=Password reset requested for nchaudhary187@rku.ac.in
[2026-03-30 07:53:24] ip=::1 user=8 action=password_reset_mail_failed msg=Password reset email failed for nchaudhary187@rku.ac.in: SMTP Error: Could not authenticate.
[2026-03-30 07:53:24] ip=::1 user=8 action=password_reset_request msg=Password reset requested for nchaudhary187@rku.ac.in
[2026-03-30 07:57:46] ip=::1 user=127 action=password_reset_mail_failed msg=Password reset email failed for phoneappinfos@gmail.com: SMTP Error: Could not authenticate.
[2026-03-30 07:57:46] ip=::1 user=127 action=password_reset_request msg=Password reset requested for phoneappinfos@gmail.com
[2026-03-30 08:56:49] ip=::1 user=127 action=password_reset_mail_failed msg=Password reset email failed for phoneappinfos@gmail.com: SMTP mail settings are incomplete. Configure MAIL_HOST, MAIL_PORT, MAIL_FROM_ADDRESS, and credentials before sending email.
[2026-03-30 08:56:49] ip=::1 user=127 action=password_reset_request msg=Password reset requested for phoneappinfos@gmail.com
[2026-03-30 08:57:21] ip=::1 user=127 action=password_reset_mail_failed msg=Password reset email failed for phoneappinfos@gmail.com: SMTP mail settings are incomplete. Configure MAIL_HOST, MAIL_PORT, MAIL_FROM_ADDRESS, and credentials before sending email.
[2026-03-30 08:57:21] ip=::1 user=127 action=password_reset_request msg=Password reset requested for phoneappinfos@gmail.com
[2026-03-30 08:58:18] ip=::1 user=127 action=password_reset_mail_failed msg=Password reset email failed for phoneappinfos@gmail.com: SMTP mail settings are incomplete. Configure MAIL_HOST, MAIL_PORT, MAIL_FROM_ADDRESS, and credentials before sending email.
[2026-03-30 08:58:18] ip=::1 user=127 action=password_reset_request msg=Password reset requested for phoneappinfos@gmail.com
[2026-03-30 09:56:58] ip=::1 user=2 action=password_reset_mail_failed msg=Password reset email failed for benevolenteager@gmail.com: SMTP mail settings are incomplete. Configure MAIL_HOST, MAIL_PORT, MAIL_FROM_ADDRESS, and credentials before sending email.
[2026-03-30 09:56:58] ip=::1 user=2 action=password_reset_request msg=Password reset requested for benevolenteager@gmail.com
[2026-03-30 10:08:12] ip=::1 user=2 action=password_reset_mail_failed msg=Password reset email failed for benevolenteager@gmail.com: SMTP mail settings are incomplete. Configure MAIL_HOST, MAIL_PORT, MAIL_FROM_ADDRESS, and credentials before sending email.
[2026-03-30 10:08:12] ip=::1 user=2 action=password_reset_request msg=Password reset requested for benevolenteager@gmail.com
[2026-03-30 10:17:09] ip=::1 user=127 action=password_reset_mail_failed msg=Password reset email failed for phoneappinfos@gmail.com: SMTP mail settings are incomplete. Configure MAIL_HOST, MAIL_PORT, MAIL_FROM_ADDRESS, and credentials before sending email.
[2026-03-30 10:17:09] ip=::1 user=127 action=password_reset_request msg=Password reset requested for phoneappinfos@gmail.com
[2026-03-30 10:30:10] ip=::1 user=127 action=password_reset_mail_failed msg=Password reset email failed for phoneappinfos@gmail.com: SMTP Error: Could not authenticate.
[2026-03-30 10:30:10] ip=::1 user=127 action=password_reset_request msg=Password reset requested for phoneappinfos@gmail.com
[2026-03-30 10:46:30] ip=::1 user=127 action=password_reset_mail_failed msg=Password reset OTP email failed for phoneappinfos@gmail.com: SMTP Error: Could not authenticate.
[2026-03-30 10:46:30] ip=::1 user=127 action=password_reset_request msg=Password reset requested for phoneappinfos@gmail.com
[2026-03-30 10:48:30] ip=::1 user=2 action=password_reset_mail_failed msg=Password reset OTP email failed for benevolenteager@gmail.com: SMTP Error: Could not authenticate.
[2026-03-30 10:48:30] ip=::1 user=2 action=password_reset_request msg=Password reset requested for benevolenteager@gmail.com
[2026-03-30 11:36:28] ip=::1 user=127 action=password_reset_mail_failed msg=Password reset OTP email failed for phoneappinfos@gmail.com: SMTP Error: Could not authenticate.
[2026-03-30 11:36:28] ip=::1 user=127 action=password_reset_request msg=Password reset requested for phoneappinfos@gmail.com
[2026-03-30 13:26:46] ip=::1 user=4 action=password_reset_mail_failed msg=Password reset OTP email failed for hr@spycray.com: SMTP Error: Could not authenticate.
[2026-03-30 13:26:46] ip=::1 user=4 action=password_reset_request msg=Password reset requested for hr@spycray.com
[2026-03-30 13:52:09] ip=::1 user=127 action=password_reset_mail_sent msg=Password reset OTP email sent to phoneappinfos@gmail.com
[2026-03-30 13:52:09] ip=::1 user=127 action=password_reset_request msg=Password reset requested for phoneappinfos@gmail.com
[2026-03-30 14:17:51] ip=::1 user=127 action=password_reset_mail_failed msg=Password reset OTP email failed for phoneappinfos@gmail.com: SMTP Error: Could not authenticate.
[2026-03-30 14:17:51] ip=::1 user=127 action=password_reset_request msg=Password reset requested for phoneappinfos@gmail.com
[2026-03-30 14:35:46] ip=::1 user=127 action=password_reset_mail_failed msg=Password reset OTP email failed for phoneappinfos@gmail.com: SMTP Error: Could not authenticate.
[2026-03-30 14:35:46] ip=::1 user=127 action=password_reset_request msg=Password reset requested for phoneappinfos@gmail.com
[2026-03-30 15:16:33] ip=::1 user=127 action=password_reset_mail_failed msg=Password reset OTP email failed for phoneappinfos@gmail.com: SMTP Error: Could not authenticate.
[2026-03-30 15:16:33] ip=::1 user=127 action=password_reset_request msg=Password reset requested for phoneappinfos@gmail.com
[2026-03-30 15:17:38] ip=::1 user=127 action=password_reset msg=Password reset for user 127
[2026-03-30 15:51:18] ip=::1 user=127 action=password_reset_mail_failed msg=Password reset OTP email failed for phoneappinfos@gmail.com: SMTP Error: Could not authenticate.
[2026-03-30 15:51:18] ip=::1 user=127 action=password_reset_request msg=Password reset requested for phoneappinfos@gmail.com
[2026-03-30 15:51:49] ip=::1 user=127 action=password_reset msg=Password reset for user 127
[2026-03-30 19:02:50] ip=::1 user=127 action=password_reset_mail_failed msg=Password reset OTP email failed for phoneappinfos@gmail.com: SMTP Error: Could not authenticate.
[2026-03-30 19:02:50] ip=::1 user=127 action=password_reset_request msg=Password reset requested for phoneappinfos@gmail.com
[2026-03-30 19:03:35] ip=::1 user=127 action=password_reset msg=Password reset for user 127
[2026-03-31 05:33:27] ip=::1 user=8 action=password_reset_mail_failed msg=Password reset OTP email failed for nchaudhary187@rku.ac.in: SMTP Error: Could not authenticate.
[2026-03-31 05:33:27] ip=::1 user=8 action=password_reset_request msg=Password reset requested for nchaudhary187@rku.ac.in
[2026-03-31 05:34:47] ip=::1 user=8 action=password_reset msg=Password reset for user 8
[2026-03-31 07:30:48] ip=::1 user=128 action=leave_request msg=Leave request submitted by user 128
[2026-03-31 08:05:08] ip=::1 user=1 action=password_reset_mail_failed msg=Password reset OTP email failed for admin@spycray.com: SMTP Error: Could not authenticate.
[2026-03-31 08:05:08] ip=::1 user=1 action=password_reset_request msg=Password reset requested for admin@spycray.com
[2026-03-31 08:06:13] ip=::1 user=1 action=password_reset msg=Password reset for user 1
[2026-03-31 12:54:20] ip=::1 user=2 action=password_reset_mail_failed msg=Password reset OTP email failed for benevolenteager@gmail.com: SMTP Error: Could not connect to SMTP host. Failed to connect to server
[2026-03-31 12:54:20] ip=::1 user=2 action=password_reset_request msg=Password reset requested for benevolenteager@gmail.com
[2026-03-31 13:46:36] ip=::1 user=3 action=leader_approve msg=Leader 3 approved leave 7
[2026-04-01 12:40:28] ip=::1 user=127 action=password_reset_mail_failed msg=Password reset OTP email failed for phoneappinfos@gmail.com: SMTP Error: Could not connect to SMTP host. Failed to connect to server
[2026-04-01 12:40:28] ip=::1 user=127 action=password_reset_request msg=Password reset requested for phoneappinfos@gmail.com
[2026-04-01 13:15:20] ip=::1 user=127 action=password_reset_mail_failed msg=Password reset OTP email failed for phoneappinfos@gmail.com: SMTP Error: Could not authenticate.
[2026-04-01 13:15:20] ip=::1 user=127 action=password_reset_request msg=Password reset requested for phoneappinfos@gmail.com
[2026-04-01 14:59:08] ip=::1 user=127 action=password_reset_mail_failed msg=Password reset OTP email failed for phoneappinfos@gmail.com: Email failed: SMTP Error: Could not authenticate.
[2026-04-01 14:59:08] ip=::1 user=127 action=password_reset_request msg=Password reset requested for phoneappinfos@gmail.com
[2026-04-01 15:03:05] ip=::1 user=128 action=password_reset_mail_failed msg=Password reset OTP email failed for shalomndahi@gmail.com: Email failed: SMTP Error: Could not authenticate.
[2026-04-01 15:03:05] ip=::1 user=128 action=password_reset_request msg=Password reset requested for shalomndahi@gmail.com
[2026-04-01 18:57:57] ip=::1 user=127 action=password_reset_mail_failed msg=Password reset OTP email failed for phoneappinfos@gmail.com: PHP mail() function failed - check your PHP mail configuration
[2026-04-01 18:57:57] ip=::1 user=127 action=password_reset_request msg=Password reset requested for phoneappinfos@gmail.com
[2026-04-01 20:42:15] ip=::1 user=2 action=password_reset_mail_sent msg=Password reset OTP email sent to benevolenteager@gmail.com
[2026-04-01 20:42:15] ip=::1 user=2 action=password_reset_request msg=Password reset requested for benevolenteager@gmail.com
[2026-04-01 20:43:28] ip=::1 user=2 action=password_reset msg=Password reset for user 2
[2026-04-01 20:56:08] ip=::1 user=128 action=password_reset_mail_sent msg=Password reset OTP email sent to shalomndahi@gmail.com
[2026-04-01 20:56:08] ip=::1 user=128 action=password_reset_request msg=Password reset requested for shalomndahi@gmail.com
[2026-04-01 20:56:41] ip=::1 user=128 action=password_reset msg=Password reset for user 128
